[10août2024 14:32:21.258] [main/INFO] [cpw.mods.modlauncher.Launcher/MODLAUNCHER]: ModLauncher running: args [--launchTarget, forgeclientuserdev, --version, 21.0.163, --assetIndex, 17, --assetsDir, C:\\Users\\User\\.gradle\\caches\\neoformruntime\\assets, --gameDir, ., --fml.neoForgeVersion, 21.0.163, --fml.fmlVersion, 4.0.23, --fml.mcVersion, 1.21, --fml.neoFormVersion, 20240613.152323]
[10août2024 14:32:21.268] [main/INFO] [cpw.mods.modlauncher.Launcher/MODLAUNCHER]: JVM identified as Oracle Corporation Java HotSpot(TM) 64-Bit Server VM 21.0.4+8-LTS-274
[10août2024 14:32:21.270] [main/INFO] [cpw.mods.modlauncher.Launcher/MODLAUNCHER]: ModLauncher 11.0.4+main.d2e20e43 starting: java version 21.0.4 by Oracle Corporation; OS Windows 10 arch amd64 version 10.0
[10août2024 14:32:21.522] [main/INFO] [net.neoforged.fml.loading.ImmediateWindowHandler/]: Loading ImmediateWindowProvider fmlearlywindow
[10août2024 14:32:21.741] [main/INFO] [EARLYDISPLAY/]: Trying GL version 4.6
[10août2024 14:32:21.834] [main/INFO] [EARLYDISPLAY/]: Requested GL version 4.6 got version 4.6
[10août2024 14:32:22.070] [main/INFO] [mixin/]: SpongePowered MIXIN Subsystem Version=0.8.6 Source=union:/C:/Users/User/.gradle/caches/modules-2/files-2.1/net.fabricmc/sponge-mixin/0.14.0+mixin.0.8.6/c265173c84346e9e5d42a2384b2b02bd39a4a899/sponge-mixin-0.14.0+mixin.0.8.6.jar%23131!/ Service=ModLauncher Env=CLIENT
[10août2024 14:32:22.560] [pool-2-thread-1/INFO] [EARLYDISPLAY/]: GL info: Intel(R) HD Graphics 510 GL version 4.6.0 - Build 30.0.101.1069, Intel
[10août2024 14:32:23.276] [main/INFO] [net.neoforged.fml.loading.moddiscovery.locators.JarInJarDependencyLocator/]: Found 1 dependencies adding them to mods collection
[10août2024 14:32:23.711] [main/INFO] [net.neoforged.fml.loading.FMLServiceProvider/CORE]: Loading coremod script-engine for [neoforge]
[10août2024 14:32:29.190] [main/INFO] [cpw.mods.modlauncher.LaunchServiceHandler/MODLAUNCHER]: Launching target 'forgeclientuserdev' with arguments [--version, 21.0.163, --gameDir, ., --assetsDir, C:\Users\User\.gradle\caches\neoformruntime\assets, --assetIndex, 17]
[10août2024 14:32:35.092] [pool-7-thread-1/INFO] [MixinExtras|Service/]: Initializing MixinExtras via com.llamalad7.mixinextras.service.MixinExtrasServiceImpl(version=0.3.5).
[10août2024 14:32:35.429] [Datafixer Bootstrap/INFO] [com.mojang.datafixers.DataFixerBuilder/]: 229 Datafixer optimizations took 1447 milliseconds
[10août2024 14:32:46.185] [main/WARN] [net.minecraft.commands.Commands/]: Ambiguity between arguments [teleport, location] and [teleport, destination] with inputs: [0.1 -0.5 .9, 0 0 0]
[10août2024 14:32:46.187] [main/WARN] [net.minecraft.commands.Commands/]: Ambiguity between arguments [teleport, location] and [teleport, targets] with inputs: [0.1 -0.5 .9, 0 0 0]
[10août2024 14:32:46.192] [main/WARN] [net.minecraft.commands.Commands/]: Ambiguity between arguments [teleport, destination] and [teleport, targets] with inputs: [Player, 0123, @e, dd12be42-52a9-4a91-a8a1-11c01849e498]
[10août2024 14:32:46.194] [main/WARN] [net.minecraft.commands.Commands/]: Ambiguity between arguments [teleport, targets] and [teleport, destination] with inputs: [Player, 0123, dd12be42-52a9-4a91-a8a1-11c01849e498]
[10août2024 14:32:46.196] [main/WARN] [net.minecraft.commands.Commands/]: Ambiguity between arguments [teleport, targets, location] and [teleport, targets, destination] with inputs: [0.1 -0.5 .9, 0 0 0]
[10août2024 14:32:46.450] [Render thread/WARN] [net.minecraft.server.packs.VanillaPackResourcesBuilder/]: Assets URL 'union:/D:/Minecraft/mods%20minecraft/Kaupen%20Mod%20NeoForge/build/moddev/artifacts/neoforge-21.0.163-minecraft-merged.jar%23183!/assets/.mcassetsroot' uses unexpected schema
[10août2024 14:32:46.451] [Render thread/WARN] [net.minecraft.server.packs.VanillaPackResourcesBuilder/]: Assets URL 'union:/D:/Minecraft/mods%20minecraft/Kaupen%20Mod%20NeoForge/build/moddev/artifacts/neoforge-21.0.163-minecraft-merged.jar%23183!/data/.mcassetsroot' uses unexpected schema
[10août2024 14:32:46.511] [Render thread/INFO] [com.mojang.authlib.yggdrasil.YggdrasilAuthenticationService/]: Environment: Environment[sessionHost=https://sessionserver.mojang.com, servicesHost=https://api.minecraftservices.com, name=PROD]
[10août2024 14:32:46.540] [Render thread/INFO] [net.minecraft.client.Minecraft/]: Setting user: Dev
[10août2024 14:32:46.756] [Render thread/INFO] [net.minecraft.client.Minecraft/]: Backend library: LWJGL version 3.3.3+5
[10août2024 14:32:47.269] [modloading-worker-0/INFO] [net.neoforged.neoforge.common.NeoForgeMod/NEOFORGE-MOD]: NeoForge mod loading, version 21.0.163, for MC 1.21
[10août2024 14:32:49.014] [Render thread/INFO] [net.neoforged.neoforge.gametest.GameTestHooks/]: Enabled Gametest Namespaces: [test_mod]
[10août2024 14:32:49.452] [Render thread/INFO] [net.minecraft.server.packs.resources.ReloadableResourceManager/]: Reloading ResourceManager: vanilla, mod_resources, mod/neoforge, mod/test_mod
[10août2024 14:32:49.795] [Worker-Main-1/INFO] [net.minecraft.client.gui.font.providers.UnihexProvider/]: Found unifont_all_no_pua-15.1.05.hex, loading
[10août2024 14:32:51.032] [Worker-Main-1/INFO] [net.minecraft.client.gui.font.providers.UnihexProvider/]: Found unifont_jp_patch-15.1.05.hex, loading
[10août2024 14:32:54.336] [Render thread/WARN] [net.minecraft.client.sounds.SoundEngine/]: Missing sound for event: minecraft:item.goat_horn.play
[10août2024 14:32:54.336] [Render thread/WARN] [net.minecraft.client.sounds.SoundEngine/]: Missing sound for event: minecraft:entity.goat.screaming.horn_break
[10août2024 14:32:54.849] [Render thread/INFO] [com.mojang.blaze3d.audio.Library/]: OpenAL initialized on device OpenAL Soft on Haut-parleurs (Realtek High Definition Audio)
[10août2024 14:32:54.850] [Render thread/INFO] [net.minecraft.client.sounds.SoundEngine/SOUNDS]: Sound engine started
[10août2024 14:32:55.079] [Render thread/INFO] [net.minecraft.client.renderer.texture.TextureAtlas/]: Created: 1024x512x4 minecraft:textures/atlas/blocks.png-atlas
[10août2024 14:32:56.631] [Render thread/INFO] [net.minecraft.client.renderer.texture.TextureAtlas/]: Created: 256x256x4 minecraft:textures/atlas/signs.png-atlas
[10août2024 14:32:56.750] [Render thread/INFO] [net.minecraft.client.renderer.texture.TextureAtlas/]: Created: 512x512x4 minecraft:textures/atlas/banner_patterns.png-atlas
[10août2024 14:32:56.966] [Render thread/INFO] [net.minecraft.client.renderer.texture.TextureAtlas/]: Created: 512x512x4 minecraft:textures/atlas/shield_patterns.png-atlas
[10août2024 14:32:57.184] [Render thread/INFO] [net.minecraft.client.renderer.texture.TextureAtlas/]: Created: 1024x1024x4 minecraft:textures/atlas/armor_trims.png-atlas
[10août2024 14:33:00.150] [Render thread/INFO] [net.minecraft.client.renderer.texture.TextureAtlas/]: Created: 128x64x4 minecraft:textures/atlas/decorated_pot.png-atlas
[10août2024 14:33:00.332] [Render thread/INFO] [net.minecraft.client.renderer.texture.TextureAtlas/]: Created: 256x256x4 minecraft:textures/atlas/chest.png-atlas
[10août2024 14:33:00.403] [Render thread/INFO] [net.minecraft.client.renderer.texture.TextureAtlas/]: Created: 512x256x4 minecraft:textures/atlas/beds.png-atlas
[10août2024 14:33:00.521] [Render thread/INFO] [net.minecraft.client.renderer.texture.TextureAtlas/]: Created: 512x256x4 minecraft:textures/atlas/shulker_boxes.png-atlas
[10août2024 14:33:01.554] [Render thread/INFO] [net.minecraft.client.renderer.texture.TextureAtlas/]: Created: 512x256x0 minecraft:textures/atlas/particles.png-atlas
[10août2024 14:33:01.796] [Render thread/INFO] [net.minecraft.client.renderer.texture.TextureAtlas/]: Created: 512x256x0 minecraft:textures/atlas/paintings.png-atlas
[10août2024 14:33:01.803] [Render thread/INFO] [net.minecraft.client.renderer.texture.TextureAtlas/]: Created: 256x128x0 minecraft:textures/atlas/mob_effects.png-atlas
[10août2024 14:33:01.808] [Render thread/INFO] [net.minecraft.client.renderer.texture.TextureAtlas/]: Created: 64x64x0 minecraft:textures/atlas/map_decorations.png-atlas
[10août2024 14:33:01.810] [Render thread/INFO] [net.minecraft.client.renderer.texture.TextureAtlas/]: Created: 1024x512x0 minecraft:textures/atlas/gui.png-atlas
[10août2024 14:33:02.842] [Render thread/WARN] [net.minecraft.client.renderer.ShaderInstance/]: Shader rendertype_entity_translucent_emissive could not find sampler named Sampler2 in the specified shader program.
[10août2024 14:33:32.523] [Render thread/INFO] [net.minecraft.world.item.crafting.RecipeManager/]: Loaded 1291 recipes
[10août2024 14:33:32.891] [Render thread/INFO] [net.minecraft.advancements.AdvancementTree/]: Loaded 1400 advancements
[10août2024 14:33:34.186] [Server thread/INFO] [net.minecraft.client.server.IntegratedServer/]: Starting integrated minecraft server version 1.21
[10août2024 14:33:34.186] [Server thread/INFO] [net.minecraft.server.MinecraftServer/]: Generating keypair
[10août2024 14:33:39.283] [Server thread/INFO] [net.minecraft.server.MinecraftServer/]: Preparing start region for dimension minecraft:overworld
[10août2024 14:33:39.903] [progressListener/INFO] [net.minecraft.server.level.progress.LoggerChunkProgressListener/]: Préparation de la zone d'apparition : 0 %
[10août2024 14:33:39.903] [progressListener/INFO] [net.minecraft.server.level.progress.LoggerChunkProgressListener/]: Préparation de la zone d'apparition : 0 %
[10août2024 14:33:40.309] [progressListener/INFO] [net.minecraft.server.level.progress.LoggerChunkProgressListener/]: Préparation de la zone d'apparition : 28 %
[10août2024 14:33:40.408] [Server thread/INFO] [net.neoforged.neoforge.server.permission.PermissionAPI/]: Successfully initialized permission handler neoforge:default_handler
[10août2024 14:33:40.411] [Server thread/WARN] [net.neoforged.neoforge.common.TagConventionLogWarning/]: 
   Dev warning - Legacy Tags detected. Please migrate your 'forge' namespace tags to the 'c' namespace! See net.neoforged.neoforge.common.Tags.java for all tags.
   NOTE: Many tags have been moved around or renamed. Some new ones were added so please review the new tags.
    And make sure you follow tag conventions for new tags! The convention is `c` with nouns generally being plural and adjectives being singular.
   You can disable this message in NeoForge's common config by setting `logLegacyTagWarnings` to "SILENCED" or see individual tags with "DEV_VERBOSE".

[10août2024 14:33:40.414] [progressListener/INFO] [net.minecraft.server.level.progress.LoggerChunkProgressListener/]: Time elapsed: 1126 ms
[10août2024 14:33:40.938] [Server thread/INFO] [net.minecraft.client.server.IntegratedServer/]: Changing view distance to 12, from 10
[10août2024 14:33:40.939] [Server thread/INFO] [net.minecraft.client.server.IntegratedServer/]: Changing simulation distance to 12, from 0
[10août2024 14:33:43.491] [Server thread/INFO] [net.minecraft.server.players.PlayerList/]: Dev[local:E:5dafa479] logged in with entity id 92 at (103.5, 63.0, 325.5)
[10août2024 14:33:43.666] [Server thread/INFO] [net.minecraft.server.MinecraftServer/]: Dev a rejoint la partie
[10août2024 14:33:44.419] [Render thread/INFO] [net.minecraft.advancements.AdvancementTree/]: Loaded 3 advancements
[10août2024 14:33:44.501] [Render thread/WARN] [net.minecraft.client.sounds.SoundEngine/SOUNDS]: Unable to play empty soundEvent: minecraft:entity.salmon.ambient
[10août2024 14:34:14.317] [Render thread/WARN] [net.minecraft.client.sounds.SoundEngine/SOUNDS]: Unable to play empty soundEvent: minecraft:entity.cod.ambient
[10août2024 14:34:25.593] [Server thread/WARN] [net.minecraft.server.MinecraftServer/]: Can't keep up! Is the server overloaded? Running 2116ms or 42 ticks behind
[10août2024 14:35:24.563] [Server thread/INFO] [net.minecraft.client.server.IntegratedServer/]: Saving and pausing game...
[10août2024 14:35:24.778] [Server thread/INFO] [net.minecraft.server.MinecraftServer/]: Saving chunks for level 'ServerLevel[Nouveau monde]'/minecraft:overworld
[10août2024 14:35:25.159] [Server thread/INFO] [net.minecraft.server.MinecraftServer/]: Saving chunks for level 'ServerLevel[Nouveau monde]'/minecraft:the_end
[10août2024 14:35:25.537] [Server thread/INFO] [net.minecraft.server.MinecraftServer/]: Saving chunks for level 'ServerLevel[Nouveau monde]'/minecraft:the_nether
[10août2024 14:35:42.179] [Render thread/INFO] [net.minecraft.advancements.AdvancementTree/]: Loaded 4 advancements
[10août2024 14:36:06.243] [Render thread/INFO] [net.minecraft.advancements.AdvancementTree/]: Loaded 6 advancements
[10août2024 14:36:37.176] [Render thread/INFO] [net.minecraft.client.Minecraft/]: Stopping!
[10août2024 14:36:37.218] [Server thread/INFO] [net.minecraft.server.network.ServerGamePacketListenerImpl/]: Dev lost connection: Déconnecté(e)
[10août2024 14:36:37.219] [Server thread/INFO] [net.minecraft.server.MinecraftServer/]: Dev a quitté la partie
[10août2024 14:36:37.384] [Server thread/INFO] [net.minecraft.server.network.ServerCommonPacketListenerImpl/]: Stopping singleplayer server as player logged out
[10août2024 14:36:37.479] [Server thread/INFO] [net.minecraft.server.MinecraftServer/]: Stopping server
[10août2024 14:36:37.481] [Server thread/INFO] [net.minecraft.server.MinecraftServer/]: Saving players
[10août2024 14:36:37.481] [Server thread/INFO] [net.minecraft.server.MinecraftServer/]: Saving worlds
[10août2024 14:37:05.431] [Server thread/INFO] [net.minecraft.server.MinecraftServer/]: Saving chunks for level 'ServerLevel[Nouveau monde]'/minecraft:overworld
[10août2024 14:37:06.766] [Server thread/INFO] [net.minecraft.server.MinecraftServer/]: Saving chunks for level 'ServerLevel[Nouveau monde]'/minecraft:the_end
[10août2024 14:37:06.902] [Server thread/INFO] [net.minecraft.server.MinecraftServer/]: Saving chunks for level 'ServerLevel[Nouveau monde]'/minecraft:the_nether
[10août2024 14:37:07.122] [Server thread/INFO] [net.minecraft.server.MinecraftServer/]: ThreadedAnvilChunkStorage (Nouveau monde): All chunks are saved
[10août2024 14:37:07.153] [Server thread/INFO] [net.minecraft.server.MinecraftServer/]: ThreadedAnvilChunkStorage (DIM1): All chunks are saved
[10août2024 14:37:07.154] [Server thread/INFO] [net.minecraft.server.MinecraftServer/]: ThreadedAnvilChunkStorage (DIM-1): All chunks are saved
[10août2024 14:37:07.155] [Server thread/INFO] [net.minecraft.server.MinecraftServer/]: ThreadedAnvilChunkStorage: All dimensions are saved
